C51 COMPILER V9.00   LED                                                                   07/11/2020 18:20:30 PAGE 1   


C51 COMPILER V9.00, COMPILATION OF MODULE LED
OBJECT MODULE PLACED IN led.OBJ
COMPILER INVOKED BY: C:\Keil\C51\BIN\C51.EXE led.c BROWSE DEBUG OBJECTEXTEND

line level    source

   1          #include <reg52.h>
   2          
   3           sbit LED1 = P1^0;
   4           sbit LED3 = P1^2;
   5           sbit LED5 = P1^4;
   6           sbit LED7 = P1^7;
   7          main(void)
   8          {
   9   1              LED1 = 0;
  10   1              LED3 = 0;
  11   1              LED5 = 0;
  12   1              LED7 = 0;
  13   1      }
*** WARNING C290 IN LINE 13 OF LED.C: missing return value


MODULE INFORMATION:   STATIC OVERLAYABLE
   CODE SIZE        =      9    ----
   CONSTANT SIZE    =   ----    ----
   XDATA SIZE       =   ----    ----
   PDATA SIZE       =   ----    ----
   DATA SIZE        =   ----    ----
   IDATA SIZE       =   ----    ----
   BIT SIZE         =   ----    ----
END OF MODULE INFORMATION.


C51 COMPILATION COMPLETE.  1 WARNING(S),  0 ERROR(S)
